2025-08-19 17:10:49 - INFO - Logging system initialized
2025-08-19 17:15:09 - INFO - System health check at 10000 timesteps:
2025-08-19 17:15:09 - INFO -   - CPU Usage: 100.0%
2025-08-19 17:15:09 - INFO -   - Memory Usage: 76.6%
2025-08-19 17:15:09 - INFO - Training progress:
2025-08-19 17:15:09 - INFO -   - Current episode: 51
2025-08-19 17:15:09 - INFO -   - Current epsilon: 0.7429
2025-08-19 17:19:55 - INFO - System health check at 20000 timesteps:
2025-08-19 17:19:55 - INFO -   - CPU Usage: 100.0%
2025-08-19 17:19:55 - INFO -   - Memory Usage: 77.2%
2025-08-19 17:19:55 - INFO - Training progress:
2025-08-19 17:19:55 - INFO -   - Current episode: 101
2025-08-19 17:19:55 - INFO -   - Current epsilon: 0.4857
2025-08-19 17:24:38 - INFO - System health check at 30000 timesteps:
2025-08-19 17:24:38 - INFO -   - CPU Usage: 100.0%
2025-08-19 17:24:38 - INFO -   - Memory Usage: 77.8%
2025-08-19 17:24:38 - INFO - Training progress:
2025-08-19 17:24:38 - INFO -   - Current episode: 150
2025-08-19 17:24:38 - INFO -   - Current epsilon: 0.2286
2025-08-19 17:29:14 - INFO - System health check at 40000 timesteps:
2025-08-19 17:29:14 - INFO -   - CPU Usage: 100.0%
2025-08-19 17:29:14 - INFO -   - Memory Usage: 78.0%
2025-08-19 17:29:14 - INFO - Training progress:
2025-08-19 17:29:14 - INFO -   - Current episode: 199
2025-08-19 17:29:14 - INFO -   - Current epsilon: 0.1000
2025-08-19 17:33:46 - INFO - System health check at 50000 timesteps:
2025-08-19 17:33:46 - INFO -   - CPU Usage: 42.1%
2025-08-19 17:33:46 - INFO -   - Memory Usage: 69.2%
2025-08-19 17:33:46 - INFO - Training progress:
2025-08-19 17:33:46 - INFO -   - Current episode: 248
2025-08-19 17:33:46 - INFO -   - Current epsilon: 0.1000
2025-08-19 17:33:46 - INFO - Regular checkpoint at 50000 timesteps
2025-08-19 17:33:46 - INFO - Saving checkpoint...
2025-08-19 17:33:47 - INFO - Checkpoint saved at Save_Trained_Models\training_monitor\checkpoints\myopic_232323_checkpoint.pt
2025-08-19 17:33:48 - INFO - Checkpoint saved at Save_Trained_Models\training_monitor\checkpoints\myopic_232323_checkpoint.pt
