2025-08-19 17:10:48 - INFO - Logging system initialized
2025-08-19 17:15:08 - INFO - System health check at 10000 timesteps:
2025-08-19 17:15:08 - INFO -   - CPU Usage: 100.0%
2025-08-19 17:15:08 - INFO -   - Memory Usage: 76.6%
2025-08-19 17:15:08 - INFO - Training progress:
2025-08-19 17:15:08 - INFO -   - Current episode: 51
2025-08-19 17:15:08 - INFO -   - Current epsilon: 0.7429
2025-08-19 17:19:52 - INFO - System health check at 20000 timesteps:
2025-08-19 17:19:52 - INFO -   - CPU Usage: 100.0%
2025-08-19 17:19:52 - INFO -   - Memory Usage: 77.2%
2025-08-19 17:19:52 - INFO - Training progress:
2025-08-19 17:19:52 - INFO -   - Current episode: 101
2025-08-19 17:19:52 - INFO -   - Current epsilon: 0.4857
2025-08-19 17:24:33 - INFO - System health check at 30000 timesteps:
2025-08-19 17:24:33 - INFO -   - CPU Usage: 100.0%
2025-08-19 17:24:33 - INFO -   - Memory Usage: 77.8%
2025-08-19 17:24:33 - INFO - Training progress:
2025-08-19 17:24:33 - INFO -   - Current episode: 151
2025-08-19 17:24:33 - INFO -   - Current epsilon: 0.2286
2025-08-19 17:29:07 - INFO - System health check at 40000 timesteps:
2025-08-19 17:29:07 - INFO -   - CPU Usage: 100.0%
2025-08-19 17:29:07 - INFO -   - Memory Usage: 78.0%
2025-08-19 17:29:07 - INFO - Training progress:
2025-08-19 17:29:07 - INFO -   - Current episode: 199
2025-08-19 17:29:07 - INFO -   - Current epsilon: 0.1000
2025-08-19 17:33:39 - INFO - System health check at 50000 timesteps:
2025-08-19 17:33:39 - INFO -   - CPU Usage: 100.0%
2025-08-19 17:33:39 - INFO -   - Memory Usage: 80.5%
2025-08-19 17:33:39 - INFO - Training progress:
2025-08-19 17:33:39 - INFO -   - Current episode: 246
2025-08-19 17:33:39 - INFO -   - Current epsilon: 0.1000
2025-08-19 17:33:39 - INFO - Regular checkpoint at 50000 timesteps
2025-08-19 17:33:39 - INFO - Saving checkpoint...
2025-08-19 17:33:40 - INFO - Checkpoint saved at Save_Trained_Models\training_monitor\checkpoints\proactive_232323_checkpoint.pt
2025-08-19 17:33:41 - INFO - Checkpoint saved at Save_Trained_Models\training_monitor\checkpoints\proactive_232323_checkpoint.pt
