2025-08-19 17:10:48 - INFO - Logging system initialized
2025-08-19 17:15:07 - INFO - System health check at 10000 timesteps:
2025-08-19 17:15:07 - INFO -   - CPU Usage: 100.0%
2025-08-19 17:15:07 - INFO -   - Memory Usage: 76.6%
2025-08-19 17:15:07 - INFO - Training progress:
2025-08-19 17:15:07 - INFO -   - Current episode: 49
2025-08-19 17:15:07 - INFO -   - Current epsilon: 0.7429
2025-08-19 17:19:50 - INFO - System health check at 20000 timesteps:
2025-08-19 17:19:50 - INFO -   - CPU Usage: 100.0%
2025-08-19 17:19:50 - INFO -   - Memory Usage: 77.2%
2025-08-19 17:19:50 - INFO - Training progress:
2025-08-19 17:19:50 - INFO -   - Current episode: 98
2025-08-19 17:19:50 - INFO -   - Current epsilon: 0.4857
2025-08-19 17:24:32 - INFO - System health check at 30000 timesteps:
2025-08-19 17:24:32 - INFO -   - CPU Usage: 100.0%
2025-08-19 17:24:32 - INFO -   - Memory Usage: 77.8%
2025-08-19 17:24:32 - INFO - Training progress:
2025-08-19 17:24:32 - INFO -   - Current episode: 147
2025-08-19 17:24:32 - INFO -   - Current epsilon: 0.2286
2025-08-19 17:29:05 - INFO - System health check at 40000 timesteps:
2025-08-19 17:29:05 - INFO -   - CPU Usage: 100.0%
2025-08-19 17:29:05 - INFO -   - Memory Usage: 78.0%
2025-08-19 17:29:05 - INFO - Training progress:
2025-08-19 17:29:05 - INFO -   - Current episode: 194
2025-08-19 17:29:05 - INFO -   - Current epsilon: 0.1000
2025-08-19 17:33:37 - INFO - System health check at 50000 timesteps:
2025-08-19 17:33:37 - INFO -   - CPU Usage: 100.0%
2025-08-19 17:33:37 - INFO -   - Memory Usage: 79.2%
2025-08-19 17:33:37 - INFO - Training progress:
2025-08-19 17:33:37 - INFO -   - Current episode: 242
2025-08-19 17:33:37 - INFO -   - Current epsilon: 0.1000
2025-08-19 17:33:37 - INFO - Regular checkpoint at 50000 timesteps
2025-08-19 17:33:37 - INFO - Saving checkpoint...
2025-08-19 17:33:38 - INFO - Checkpoint saved at Save_Trained_Models\training_monitor\checkpoints\reactive_232323_checkpoint.pt
2025-08-19 17:33:39 - INFO - Checkpoint saved at Save_Trained_Models\training_monitor\checkpoints\reactive_232323_checkpoint.pt
